2017-12-02 17:19:14.101  INFO 10356 --- [main] com.dwd.OsrsGearToolApplication          : Starting OsrsGearToolApplication on Matt-PC with PID 10356 (Z:\Users\Matthew\Documents\Coding\osrs-gear-tool\target\classes started by Matthew in Z:\Users\Matthew\Documents\Coding\osrs-gear-tool)
2017-12-02 17:19:14.105  INFO 10356 --- [main] com.dwd.OsrsGearToolApplication          : No active profile set, falling back to default profiles: default
2017-12-02 17:19:14.172  INFO 10356 --- [main] ationConfigEmbeddedWebApplicationContext : Refreshing org.springframework.boot.context.embedded.AnnotationConfigEmbeddedWebApplicationContext@516be40f: startup date [Sat Dec 02 17:19:14 GMT 2017]; root of context hierarchy
2017-12-02 17:19:16.081  INFO 10356 --- [main] s.b.c.e.t.TomcatEmbeddedServletContainer : Tomcat initialized with port(s): 8080 (http)
2017-12-02 17:19:16.098  INFO 10356 --- [main] o.apache.catalina.core.StandardService   : Starting service [Tomcat]
2017-12-02 17:19:16.099  INFO 10356 --- [main] org.apache.catalina.core.StandardEngine  : Starting Servlet Engine: Apache Tomcat/8.5.23
2017-12-02 17:19:16.267  INFO 10356 --- [localhost-startStop-1] o.a.c.c.C.[Tomcat].[localhost].[/]       : Initializing Spring embedded WebApplicationContext
2017-12-02 17:19:16.268  INFO 10356 --- [localhost-startStop-1] o.s.web.context.ContextLoader            : Root WebApplicationContext: initialization completed in 2102 ms
2017-12-02 17:19:16.399  INFO 10356 --- [localhost-startStop-1] o.s.b.w.servlet.ServletRegistrationBean  : Mapping servlet: 'dispatcherServlet' to [/]
2017-12-02 17:19:16.404  INFO 10356 --- [localhost-startStop-1] o.s.b.w.servlet.FilterRegistrationBean   : Mapping filter: 'characterEncodingFilter' to: [/*]
2017-12-02 17:19:16.404  INFO 10356 --- [localhost-startStop-1] o.s.b.w.servlet.FilterRegistrationBean   : Mapping filter: 'hiddenHttpMethodFilter' to: [/*]
2017-12-02 17:19:16.405  INFO 10356 --- [localhost-startStop-1] o.s.b.w.servlet.FilterRegistrationBean   : Mapping filter: 'httpPutFormContentFilter' to: [/*]
2017-12-02 17:19:16.405  INFO 10356 --- [localhost-startStop-1] o.s.b.w.servlet.FilterRegistrationBean   : Mapping filter: 'requestContextFilter' to: [/*]
2017-12-02 17:19:16.923  INFO 10356 --- [main] org.mongodb.driver.cluster               : Cluster created with settings {hosts=[ds127506.mlab.com:27506], mode=MULTIPLE, requiredClusterType=UNKNOWN, serverSelectionTimeout='30000 ms', maxWaitQueueSize=500}
2017-12-02 17:19:16.924  INFO 10356 --- [main] org.mongodb.driver.cluster               : Adding discovered server ds127506.mlab.com:27506 to client view of cluster
2017-12-02 17:19:17.512  INFO 10356 --- [cluster-ClusterId{value='5a22e0941121b128742189f8', description='null'}-ds127506.mlab.com:27506] org.mongodb.driver.connection            : Opened connection [connectionId{localValue:1, serverValue:18794}] to ds127506.mlab.com:27506
2017-12-02 17:19:17.542  INFO 10356 --- [cluster-ClusterId{value='5a22e0941121b128742189f8', description='null'}-ds127506.mlab.com:27506] org.mongodb.driver.cluster               : Monitor thread successfully connected to server with description ServerDescription{address=ds127506.mlab.com:27506, type=REPLICA_SET_PRIMARY, state=CONNECTED, ok=true, version=ServerVersion{versionList=[3, 4, 10]}, minWireVersion=0, maxWireVersion=5, maxDocumentSize=16777216, roundTripTimeNanos=27768960, setName='rs-ds127506', canonicalAddress=ds127506-a.mlab.com:27506, hosts=[ds127506-a.mlab.com:27506], passives=[], arbiters=[], primary='ds127506-a.mlab.com:27506', tagSet=TagSet{[]}, electionId=7fffffff0000000000000001, setVersion=1, lastWriteDate=Sat Dec 02 17:19:22 GMT 2017, lastUpdateTimeNanos=9312904653220172}
2017-12-02 17:19:17.543  INFO 10356 --- [cluster-ClusterId{value='5a22e0941121b128742189f8', description='null'}-ds127506.mlab.com:27506] org.mongodb.driver.cluster               : Discovered cluster type of REPLICA_SET
2017-12-02 17:19:17.544  INFO 10356 --- [cluster-ClusterId{value='5a22e0941121b128742189f8', description='null'}-ds127506.mlab.com:27506] org.mongodb.driver.cluster               : Adding discovered server ds127506-a.mlab.com:27506 to client view of cluster
2017-12-02 17:19:17.546  INFO 10356 --- [cluster-ClusterId{value='5a22e0941121b128742189f8', description='null'}-ds127506.mlab.com:27506] org.mongodb.driver.cluster               : Server ds127506.mlab.com:27506 is no longer a member of the replica set.  Removing from client view of cluster.
2017-12-02 17:19:17.548  INFO 10356 --- [cluster-ClusterId{value='5a22e0941121b128742189f8', description='null'}-ds127506.mlab.com:27506] org.mongodb.driver.cluster               : Canonical address ds127506-a.mlab.com:27506 does not match server address.  Removing ds127506.mlab.com:27506 from client view of cluster
2017-12-02 17:19:17.645  INFO 10356 --- [main] s.w.s.m.m.a.RequestMappingHandlerAdapter : Looking for @ControllerAdvice: org.springframework.boot.context.embedded.AnnotationConfigEmbeddedWebApplicationContext@516be40f: startup date [Sat Dec 02 17:19:14 GMT 2017]; root of context hierarchy
2017-12-02 17:19:17.729  INFO 10356 --- [main] s.w.s.m.m.a.RequestMappingHandlerMapping : Mapped "{[/getIcons],params=[itemId]}" onto public void com.dwd.controller.IconController.get(int)
2017-12-02 17:19:17.730  INFO 10356 --- [main] s.w.s.m.m.a.RequestMappingHandlerMapping : Mapped "{[/getIcons/all]}" onto public void com.dwd.controller.IconController.get()
2017-12-02 17:19:17.733  INFO 10356 --- [main] s.w.s.m.m.a.RequestMappingHandlerMapping : Mapped "{[/getItems],params=[alpha]}" onto public java.util.Set<com.dwd.model.Item> com.dwd.controller.ItemController.get(char)
2017-12-02 17:19:17.734  INFO 10356 --- [main] s.w.s.m.m.a.RequestMappingHandlerMapping : Mapped "{[/getItems],params=[alpha && page]}" onto public java.util.Set<com.dwd.model.Item> com.dwd.controller.ItemController.get(java.lang.String,java.lang.String)
2017-12-02 17:19:17.734  INFO 10356 --- [main] s.w.s.m.m.a.RequestMappingHandlerMapping : Mapped "{[/getItems/all]}" onto public java.util.Set<com.dwd.model.Item> com.dwd.controller.ItemController.getAll()
2017-12-02 17:19:17.736  INFO 10356 --- [main] s.w.s.m.m.a.RequestMappingHandlerMapping : Mapped "{[/error]}" onto public org.springframework.http.ResponseEntity<java.util.Map<java.lang.String, java.lang.Object>> org.springframework.boot.autoconfigure.web.BasicErrorController.error(javax.servlet.http.HttpServletRequest)
2017-12-02 17:19:17.737  INFO 10356 --- [main] s.w.s.m.m.a.RequestMappingHandlerMapping : Mapped "{[/error],produces=[text/html]}" onto public org.springframework.web.servlet.ModelAndView org.springframework.boot.autoconfigure.web.BasicErrorController.errorHtml(javax.servlet.http.HttpServletRequest,javax.servlet.http.HttpServletResponse)
2017-12-02 17:19:17.773  INFO 10356 --- [main] o.s.w.s.handler.SimpleUrlHandlerMapping  : Mapped URL path [/webjars/**] onto handler of type [class org.springframework.web.servlet.resource.ResourceHttpRequestHandler]
2017-12-02 17:19:17.774  INFO 10356 --- [main] o.s.w.s.handler.SimpleUrlHandlerMapping  : Mapped URL path [/**] onto handler of type [class org.springframework.web.servlet.resource.ResourceHttpRequestHandler]
2017-12-02 17:19:17.804  INFO 10356 --- [cluster-ClusterId{value='5a22e0941121b128742189f8', description='null'}-ds127506-a.mlab.com:27506] org.mongodb.driver.connection            : Opened connection [connectionId{localValue:2, serverValue:18795}] to ds127506-a.mlab.com:27506
2017-12-02 17:19:17.819  INFO 10356 --- [main] o.s.w.s.handler.SimpleUrlHandlerMapping  : Mapped URL path [/**/favicon.ico] onto handler of type [class org.springframework.web.servlet.resource.ResourceHttpRequestHandler]
2017-12-02 17:19:17.833  INFO 10356 --- [cluster-ClusterId{value='5a22e0941121b128742189f8', description='null'}-ds127506-a.mlab.com:27506] org.mongodb.driver.cluster               : Monitor thread successfully connected to server with description ServerDescription{address=ds127506-a.mlab.com:27506, type=REPLICA_SET_PRIMARY, state=CONNECTED, ok=true, version=ServerVersion{versionList=[3, 4, 10]}, minWireVersion=0, maxWireVersion=5, maxDocumentSize=16777216, roundTripTimeNanos=28865900, setName='rs-ds127506', canonicalAddress=ds127506-a.mlab.com:27506, hosts=[ds127506-a.mlab.com:27506], passives=[], arbiters=[], primary='ds127506-a.mlab.com:27506', tagSet=TagSet{[]}, electionId=7fffffff0000000000000001, setVersion=1, lastWriteDate=Sat Dec 02 17:19:22 GMT 2017, lastUpdateTimeNanos=9312904944755532}
2017-12-02 17:19:17.836  INFO 10356 --- [cluster-ClusterId{value='5a22e0941121b128742189f8', description='null'}-ds127506-a.mlab.com:27506] org.mongodb.driver.cluster               : Setting max election id to 7fffffff0000000000000001 from replica set primary ds127506-a.mlab.com:27506
2017-12-02 17:19:17.836  INFO 10356 --- [cluster-ClusterId{value='5a22e0941121b128742189f8', description='null'}-ds127506-a.mlab.com:27506] org.mongodb.driver.cluster               : Setting max set version to 1 from replica set primary ds127506-a.mlab.com:27506
2017-12-02 17:19:17.836  INFO 10356 --- [cluster-ClusterId{value='5a22e0941121b128742189f8', description='null'}-ds127506-a.mlab.com:27506] org.mongodb.driver.cluster               : Discovered replica set primary ds127506-a.mlab.com:27506
2017-12-02 17:19:18.030  INFO 10356 --- [main] o.s.j.e.a.AnnotationMBeanExporter        : Registering beans for JMX exposure on startup
2017-12-02 17:19:18.246  INFO 10356 --- [main] s.b.c.e.t.TomcatEmbeddedServletContainer : Tomcat started on port(s): 8080 (http)
2017-12-02 17:19:18.252  INFO 10356 --- [main] com.dwd.OsrsGearToolApplication          : Started OsrsGearToolApplication in 4.52 seconds (JVM running for 4.902)
2017-12-02 17:19:43.352  INFO 10356 --- [http-nio-8080-exec-3] o.a.c.c.C.[Tomcat].[localhost].[/]       : Initializing Spring FrameworkServlet 'dispatcherServlet'
2017-12-02 17:19:43.353  INFO 10356 --- [http-nio-8080-exec-3] o.s.web.servlet.DispatcherServlet        : FrameworkServlet 'dispatcherServlet': initialization started
2017-12-02 17:19:43.370  INFO 10356 --- [http-nio-8080-exec-3] o.s.web.servlet.DispatcherServlet        : FrameworkServlet 'dispatcherServlet': initialization completed in 17 ms
2017-12-02 17:19:43.639  INFO 10356 --- [http-nio-8080-exec-3] org.mongodb.driver.connection            : Opened connection [connectionId{localValue:3, serverValue:18798}] to ds127506-a.mlab.com:27506
2017-12-02 17:19:44.583  INFO 10356 --- [http-nio-8080-exec-3] com.dwd.controller.IconController        : 3330 items found to download icons for
2017-12-02 17:19:44.704  INFO 10356 --- [http-nio-8080-exec-3] com.dwd.controller.IconController        : Item A powdered wig saved successfully
2017-12-02 17:19:44.767  INFO 10356 --- [http-nio-8080-exec-3] com.dwd.controller.IconController        : Item Abyssal bludgeon saved successfully
2017-12-02 17:19:44.827  INFO 10356 --- [http-nio-8080-exec-3] com.dwd.controller.IconController        : Item Abyssal bracelet(5) saved successfully
2017-12-02 17:19:44.891  INFO 10356 --- [http-nio-8080-exec-3] com.dwd.controller.IconController        : Item Abyssal dagger saved successfully
2017-12-02 17:19:44.949  INFO 10356 --- [http-nio-8080-exec-3] com.dwd.controller.IconController        : Item Abyssal whip saved successfully
2017-12-02 17:19:45.006  INFO 10356 --- [http-nio-8080-exec-3] com.dwd.controller.IconController        : Item Achey tree logs saved successfully
2017-12-02 17:19:45.076  INFO 10356 --- [http-nio-8080-exec-3] com.dwd.controller.IconController        : Item Acorn saved successfully
2017-12-02 17:19:45.137  INFO 10356 --- [http-nio-8080-exec-3] com.dwd.controller.IconController        : Item Adamant 2h sword saved successfully
2017-12-02 17:19:45.203  INFO 10356 --- [http-nio-8080-exec-3] com.dwd.controller.IconController        : Item Adamant arrow saved successfully
2017-12-02 17:19:45.271  INFO 10356 --- [http-nio-8080-exec-3] com.dwd.controller.IconController        : Item Abyssal dagger (p) saved successfully
2017-12-02 17:19:45.325  INFO 10356 --- [http-nio-8080-exec-3] com.dwd.controller.IconController        : Item Air orb saved successfully
2017-12-02 17:19:45.382  INFO 10356 --- [http-nio-8080-exec-3] com.dwd.controller.IconController        : Item Ahrim's staff 0 saved successfully
2017-12-02 17:19:45.444  INFO 10356 --- [http-nio-8080-exec-3] com.dwd.controller.IconController        : Item Agility potion(4) saved successfully
2017-12-02 17:19:45.508  INFO 10356 --- [http-nio-8080-exec-3] com.dwd.controller.IconController        : Item Air battlestaff saved successfully
2017-12-02 17:19:45.565  INFO 10356 --- [http-nio-8080-exec-3] com.dwd.controller.IconController        : Item Abyssal dagger (p+) saved successfully
2017-12-02 17:19:45.623  INFO 10356 --- [http-nio-8080-exec-3] com.dwd.controller.IconController        : Item Abyssal dagger (p++) saved successfully
2017-12-02 17:19:45.683  INFO 10356 --- [http-nio-8080-exec-3] com.dwd.controller.IconController        : Item Ahrim's hood 0 saved successfully
2017-12-02 17:19:45.744  INFO 10356 --- [http-nio-8080-exec-3] com.dwd.controller.IconController        : Item Ahrim's robeskirt 0 saved successfully
2017-12-02 17:19:45.819  INFO 10356 --- [http-nio-8080-exec-3] com.dwd.controller.IconController        : Item Ahrim's robetop 0 saved successfully
2017-12-02 17:19:45.915  INFO 10356 --- [http-nio-8080-exec-3] com.dwd.controller.IconController        : Item Ahrim's staff saved successfully
2017-12-02 17:19:45.954  INFO 10356 --- [http-nio-8080-exec-3] com.dwd.controller.IconController        : Item Ahrim's hood saved successfully
2017-12-02 17:19:46.013  INFO 10356 --- [http-nio-8080-exec-3] com.dwd.controller.IconController        : Item Ahrim's robeskirt saved successfully
2017-12-02 17:19:46.076  INFO 10356 --- [http-nio-8080-exec-3] com.dwd.controller.IconController        : Item Ahrim's armour set saved successfully
2017-12-02 17:19:46.134  INFO 10356 --- [http-nio-8080-exec-3] com.dwd.controller.IconController        : Item Ahrim's robetop saved successfully
2017-12-02 17:19:46.197  INFO 10356 --- [http-nio-8080-exec-3] com.dwd.controller.IconController        : Item Antipoison mix(2) saved successfully
2017-12-02 17:19:46.253  INFO 10356 --- [http-nio-8080-exec-3] com.dwd.controller.IconController        : Item Antipoison(4) saved successfully
2017-12-02 17:19:46.313  INFO 10356 --- [http-nio-8080-exec-3] com.dwd.controller.IconController        : Item Antifire potion(4) saved successfully
2017-12-02 17:19:46.373  INFO 10356 --- [http-nio-8080-exec-3] com.dwd.controller.IconController        : Item Apple pie saved successfully
2017-12-02 17:19:46.433  INFO 10356 --- [http-nio-8080-exec-3] com.dwd.controller.IconController        : Item Antipoison(1) saved successfully
2017-12-02 17:19:46.493  INFO 10356 --- [http-nio-8080-exec-3] com.dwd.controller.IconController        : Item Antifire potion(3) saved successfully
2017-12-02 17:19:46.699  INFO 10356 --- [http-nio-8080-exec-3] com.dwd.controller.IconController        : Item Antipoison(2) saved successfully
2017-12-02 17:19:46.746  INFO 10356 --- [http-nio-8080-exec-3] com.dwd.controller.IconController        : Item Apple mush saved successfully
2017-12-02 17:19:46.804  INFO 10356 --- [http-nio-8080-exec-3] com.dwd.controller.IconController        : Item Apple sapling saved successfully
2017-12-02 17:19:46.864  INFO 10356 --- [http-nio-8080-exec-3] com.dwd.controller.IconController        : Item Ape atoll teleport saved successfully
2017-12-02 17:19:46.922  INFO 10356 --- [http-nio-8080-exec-3] com.dwd.controller.IconController        : Item Antipoison mix(1) saved successfully
2017-12-02 17:19:46.988  INFO 10356 --- [http-nio-8080-exec-3] com.dwd.controller.IconController        : Item Antipoison(3) saved successfully
2017-12-02 17:19:47.067  INFO 10356 --- [http-nio-8080-exec-3] com.dwd.controller.IconController        : Item Armadyl robe top saved successfully
2017-12-02 17:19:47.147  INFO 10356 --- [http-nio-8080-exec-3] com.dwd.controller.IconController        : Item Antidote+(3) saved successfully
2017-12-02 17:19:47.205  INFO 10356 --- [http-nio-8080-exec-3] com.dwd.controller.IconController        : Item Amulet mould saved successfully
2017-12-02 17:19:47.243  INFO 10356 --- [http-nio-8080-exec-3] com.dwd.controller.IconController        : Item Adamant platebody (t) saved successfully
2017-12-02 17:19:47.313  INFO 10356 --- [http-nio-8080-exec-3] com.dwd.controller.IconController        : Item Ashes saved successfully
2017-12-02 17:19:47.376  INFO 10356 --- [http-nio-8080-exec-3] com.dwd.controller.IconController        : Item Adamant arrow(p++) saved successfully
2017-12-02 17:19:47.433  INFO 10356 --- [http-nio-8080-exec-3] com.dwd.controller.IconController        : Item Adamant dagger(p++) saved successfully
2017-12-02 17:19:47.494  INFO 10356 --- [http-nio-8080-exec-3] com.dwd.controller.IconController        : Item Avantoe seed saved successfully
2017-12-02 17:19:47.554  INFO 10356 --- [http-nio-8080-exec-3] com.dwd.controller.IconController        : Item Armadyl stole saved successfully
2017-12-02 17:19:47.614  INFO 10356 --- [http-nio-8080-exec-3] com.dwd.controller.IconController        : Item Anti-venom+(1) saved successfully
2017-12-02 17:19:47.674  INFO 10356 --- [http-nio-8080-exec-3] com.dwd.controller.IconController        : Item Bandos d'hide boots saved successfully
2017-12-02 17:19:47.714  INFO 10356 --- [http-nio-8080-exec-3] com.dwd.controller.IconController        : Item Anti-poison supermix(2) saved successfully
2017-12-02 17:19:47.764  INFO 10356 --- [http-nio-8080-exec-3] com.dwd.controller.IconController        : Item Anchovies saved successfully
2017-12-02 17:19:47.827  INFO 10356 --- [http-nio-8080-exec-3] com.dwd.controller.IconController        : Item Archers ring saved successfully
2017-12-02 17:19:47.884  INFO 10356 --- [http-nio-8080-exec-3] com.dwd.controller.IconController        : Item Adamant dart tip saved successfully
2017-12-02 17:19:47.946  INFO 10356 --- [http-nio-8080-exec-3] com.dwd.controller.IconController        : Item Ancestral robes set saved successfully
2017-12-02 17:19:48.004  INFO 10356 --- [http-nio-8080-exec-3] com.dwd.controller.IconController        : Item Adamant kiteshield (t) saved successfully
2017-12-02 17:19:48.067  INFO 10356 --- [http-nio-8080-exec-3] com.dwd.controller.IconController        : Item Adamant platelegs (g) saved successfully
2017-12-02 17:19:48.136  INFO 10356 --- [http-nio-8080-exec-3] com.dwd.controller.IconController        : Item Adamant dart saved successfully
2017-12-02 17:19:48.193  INFO 10356 --- [http-nio-8080-exec-3] com.dwd.controller.IconController        : Item Adamant trimmed set (sk) saved successfully
2017-12-02 17:19:48.265  INFO 10356 --- [http-nio-8080-exec-3] com.dwd.controller.IconController        : Item Adamant plateskirt saved successfully
2017-12-02 17:19:48.336  INFO 10356 --- [http-nio-8080-exec-3] com.dwd.controller.IconController        : Item Adamant dagger(p) saved successfully
2017-12-02 17:19:48.403  INFO 10356 --- [http-nio-8080-exec-3] com.dwd.controller.IconController        : Item Ancient page 3 saved successfully
2017-12-02 17:19:48.463  INFO 10356 --- [http-nio-8080-exec-3] com.dwd.controller.IconController        : Item Black d'hide chaps (t) saved successfully
2017-12-02 17:19:48.525  INFO 10356 --- [http-nio-8080-exec-3] com.dwd.controller.IconController        : Item Anti-venom(2) saved successfully
2017-12-02 17:19:48.584  INFO 10356 --- [http-nio-8080-exec-3] com.dwd.controller.IconController        : Item Amulet of chemistry saved successfully
2017-12-02 17:19:48.645  INFO 10356 --- [http-nio-8080-exec-3] com.dwd.controller.IconController        : Item Bagged willow tree saved successfully
2017-12-02 17:19:48.718  INFO 10356 --- [http-nio-8080-exec-3] com.dwd.controller.IconController        : Item Bandos bracers saved successfully
2017-12-02 17:19:48.770  INFO 10356 --- [http-nio-8080-exec-3] com.dwd.controller.IconController        : Item Ankou top saved successfully
2017-12-02 17:19:48.827  INFO 10356 --- [http-nio-8080-exec-3] com.dwd.controller.IconController        : Item Adamant helm (h1) saved successfully
2017-12-02 17:19:48.878  INFO 10356 --- [http-nio-8080-exec-3] com.dwd.controller.IconController        : Item Ankou socks saved successfully
2017-12-02 17:19:48.945  INFO 10356 --- [http-nio-8080-exec-3] com.dwd.controller.IconController        : Item Ancient mace saved successfully
2017-12-02 17:19:48.987  INFO 10356 --- [http-nio-8080-exec-3] com.dwd.controller.IconController        : Item Baby impling jar saved successfully
2017-12-02 17:19:49.047  INFO 10356 --- [http-nio-8080-exec-3] com.dwd.controller.IconController        : Item Armadyl page 3 saved successfully
2017-12-02 17:19:49.106  INFO 10356 --- [http-nio-8080-exec-3] com.dwd.controller.IconController        : Item Ancient rune armour set (sk) saved successfully
2017-12-02 17:19:49.167  INFO 10356 --- [http-nio-8080-exec-3] com.dwd.controller.IconController        : Item Black dart saved successfully
2017-12-02 17:19:49.225  INFO 10356 --- [http-nio-8080-exec-3] com.dwd.controller.IconController        : Item Adamant bolts(p+) saved successfully
2017-12-02 17:19:49.296  INFO 10356 --- [http-nio-8080-exec-3] com.dwd.controller.IconController        : Item Adamant sq shield saved successfully
2017-12-02 17:19:49.354  INFO 10356 --- [http-nio-8080-exec-3] com.dwd.controller.IconController        : Item Adamant knife(p++) saved successfully
2017-12-02 17:19:49.393  INFO 10356 --- [http-nio-8080-exec-3] com.dwd.controller.IconController        : Item Black dagger(p++) saved successfully
2017-12-02 17:19:49.454  INFO 10356 --- [http-nio-8080-exec-3] com.dwd.controller.IconController        : Item Bandos chaps saved successfully
2017-12-02 17:19:49.517  INFO 10356 --- [http-nio-8080-exec-3] com.dwd.controller.IconController        : Item Bagged oak tree saved successfully
2017-12-02 17:19:49.575  INFO 10356 --- [http-nio-8080-exec-3] com.dwd.controller.IconController        : Item Armadyl helmet saved successfully
2017-12-02 17:19:49.637  INFO 10356 --- [http-nio-8080-exec-3] com.dwd.controller.IconController        : Item Bagged plant 1 saved successfully
2017-12-02 17:19:49.693  INFO 10356 --- [http-nio-8080-exec-3] com.dwd.controller.IconController        : Item Amulet of power saved successfully
2017-12-02 17:19:49.753  INFO 10356 --- [http-nio-8080-exec-3] com.dwd.controller.IconController        : Item Armadyl full helm saved successfully
2017-12-02 17:19:49.814  INFO 10356 --- [http-nio-8080-exec-3] com.dwd.controller.IconController        : Item Ancient wyvern shield saved successfully
2017-12-02 17:19:49.877  INFO 10356 --- [http-nio-8080-exec-3] com.dwd.controller.IconController        : Item Bandos crozier saved successfully
2017-12-02 17:19:49.936  INFO 10356 --- [http-nio-8080-exec-3] com.dwd.controller.IconController        : Item Adamant helm (h4) saved successfully
2017-12-02 17:19:49.993  INFO 10356 --- [http-nio-8080-exec-3] com.dwd.controller.IconController        : Item Barley saved successfully
2017-12-02 17:19:50.054  INFO 10356 --- [http-nio-8080-exec-3] com.dwd.controller.IconController        : Item Asgarnian ale saved successfully
2017-12-02 17:19:50.116  INFO 10356 --- [http-nio-8080-exec-3] com.dwd.controller.IconController        : Item Adamant spear saved successfully
2017-12-02 17:19:50.175  INFO 10356 --- [http-nio-8080-exec-3] com.dwd.controller.IconController        : Item Bandos mitre saved successfully
2017-12-02 17:19:50.235  INFO 10356 --- [http-nio-8080-exec-3] com.dwd.controller.IconController        : Item Ancestral robe bottom saved successfully
2017-12-02 17:19:50.295  INFO 10356 --- [http-nio-8080-exec-3] com.dwd.controller.IconController        : Item Arcane sigil saved successfully
2017-12-02 17:19:50.357  INFO 10356 --- [http-nio-8080-exec-3] com.dwd.controller.IconController        : Item Black cane saved successfully
2017-12-02 17:19:50.421  INFO 10356 --- [http-nio-8080-exec-3] com.dwd.controller.IconController        : Item Attack potion(2) saved successfully
2017-12-02 17:19:50.474  INFO 10356 --- [http-nio-8080-exec-3] com.dwd.controller.IconController        : Item Adamant set (lg) saved successfully
2017-12-02 17:19:50.535  INFO 10356 --- [http-nio-8080-exec-3] com.dwd.controller.IconController        : Item Amethyst javelin saved successfully
2017-12-02 17:19:50.594  INFO 10356 --- [http-nio-8080-exec-3] com.dwd.controller.IconController        : Item Ardougne teleport saved successfully
2017-12-02 17:19:50.674  INFO 10356 --- [http-nio-8080-exec-3] com.dwd.controller.IconController        : Item Black dagger(p) saved successfully
2017-12-02 17:19:50.714  INFO 10356 --- [http-nio-8080-exec-3] com.dwd.controller.IconController        : Item Ancient page 2 saved successfully
2017-12-02 17:19:50.784  INFO 10356 --- [http-nio-8080-exec-3] com.dwd.controller.IconController        : Item Bandos platelegs saved successfully
2017-12-02 17:19:50.846  INFO 10356 --- [http-nio-8080-exec-3] com.dwd.controller.IconController        : Item Adamant halberd saved successfully
2017-12-02 17:19:50.905  INFO 10356 --- [http-nio-8080-exec-3] com.dwd.controller.IconController        : Item Bagged maple tree saved successfully
2017-12-02 17:19:50.967  INFO 10356 --- [http-nio-8080-exec-3] com.dwd.controller.IconController        : Item Adamant hasta(p) saved successfully
2017-12-02 17:19:51.064  INFO 10356 --- [http-nio-8080-exec-3] com.dwd.controller.IconController        : Item Antidote+(4) saved successfully
2017-12-02 17:19:51.126  INFO 10356 --- [http-nio-8080-exec-3] com.dwd.controller.IconController        : Item Bagged roses saved successfully
2017-12-02 17:31:37.539  INFO 10772 --- [main] com.dwd.OsrsGearToolApplication          : Starting OsrsGearToolApplication on Matt-PC with PID 10772 (Z:\Users\Matthew\Documents\Coding\osrs-gear-tool\target\classes started by Matthew in Z:\Users\Matthew\Documents\Coding\osrs-gear-tool)
2017-12-02 17:31:37.544  INFO 10772 --- [main] com.dwd.OsrsGearToolApplication          : No active profile set, falling back to default profiles: default
2017-12-02 17:31:37.626  INFO 10772 --- [main] ationConfigEmbeddedWebApplicationContext : Refreshing org.springframework.boot.context.embedded.AnnotationConfigEmbeddedWebApplicationContext@516be40f: startup date [Sat Dec 02 17:31:37 GMT 2017]; root of context hierarchy
2017-12-02 17:31:39.648  INFO 10772 --- [main] s.b.c.e.t.TomcatEmbeddedServletContainer : Tomcat initialized with port(s): 8080 (http)
2017-12-02 17:31:39.662  INFO 10772 --- [main] o.apache.catalina.core.StandardService   : Starting service [Tomcat]
2017-12-02 17:31:39.664  INFO 10772 --- [main] org.apache.catalina.core.StandardEngine  : Starting Servlet Engine: Apache Tomcat/8.5.23
2017-12-02 17:31:39.802  INFO 10772 --- [localhost-startStop-1] o.a.c.c.C.[Tomcat].[localhost].[/]       : Initializing Spring embedded WebApplicationContext
2017-12-02 17:31:39.803  INFO 10772 --- [localhost-startStop-1] o.s.web.context.ContextLoader            : Root WebApplicationContext: initialization completed in 2184 ms
2017-12-02 17:31:39.969  INFO 10772 --- [localhost-startStop-1] o.s.b.w.servlet.ServletRegistrationBean  : Mapping servlet: 'dispatcherServlet' to [/]
2017-12-02 17:31:39.977  INFO 10772 --- [localhost-startStop-1] o.s.b.w.servlet.FilterRegistrationBean   : Mapping filter: 'characterEncodingFilter' to: [/*]
2017-12-02 17:31:39.978  INFO 10772 --- [localhost-startStop-1] o.s.b.w.servlet.FilterRegistrationBean   : Mapping filter: 'hiddenHttpMethodFilter' to: [/*]
2017-12-02 17:31:39.978  INFO 10772 --- [localhost-startStop-1] o.s.b.w.servlet.FilterRegistrationBean   : Mapping filter: 'httpPutFormContentFilter' to: [/*]
2017-12-02 17:31:39.978  INFO 10772 --- [localhost-startStop-1] o.s.b.w.servlet.FilterRegistrationBean   : Mapping filter: 'requestContextFilter' to: [/*]
2017-12-02 17:31:40.482  INFO 10772 --- [main] org.mongodb.driver.cluster               : Cluster created with settings {hosts=[ds127506.mlab.com:27506], mode=MULTIPLE, requiredClusterType=UNKNOWN, serverSelectionTimeout='30000 ms', maxWaitQueueSize=500}
2017-12-02 17:31:40.483  INFO 10772 --- [main] org.mongodb.driver.cluster               : Adding discovered server ds127506.mlab.com:27506 to client view of cluster
2017-12-02 17:31:40.926  INFO 10772 --- [cluster-ClusterId{value='5a22e37c1121b12a14b32d5d', description='null'}-ds127506.mlab.com:27506] org.mongodb.driver.connection            : Opened connection [connectionId{localValue:1, serverValue:18846}] to ds127506.mlab.com:27506
2017-12-02 17:31:40.956  INFO 10772 --- [cluster-ClusterId{value='5a22e37c1121b12a14b32d5d', description='null'}-ds127506.mlab.com:27506] org.mongodb.driver.cluster               : Monitor thread successfully connected to server with description ServerDescription{address=ds127506.mlab.com:27506, type=REPLICA_SET_PRIMARY, state=CONNECTED, ok=true, version=ServerVersion{versionList=[3, 4, 10]}, minWireVersion=0, maxWireVersion=5, maxDocumentSize=16777216, roundTripTimeNanos=27894934, setName='rs-ds127506', canonicalAddress=ds127506-a.mlab.com:27506, hosts=[ds127506-a.mlab.com:27506], passives=[], arbiters=[], primary='ds127506-a.mlab.com:27506', tagSet=TagSet{[]}, electionId=7fffffff0000000000000001, setVersion=1, lastWriteDate=Sat Dec 02 17:31:43 GMT 2017, lastUpdateTimeNanos=9313648067048914}
2017-12-02 17:31:40.957  INFO 10772 --- [cluster-ClusterId{value='5a22e37c1121b12a14b32d5d', description='null'}-ds127506.mlab.com:27506] org.mongodb.driver.cluster               : Discovered cluster type of REPLICA_SET
2017-12-02 17:31:40.958  INFO 10772 --- [cluster-ClusterId{value='5a22e37c1121b12a14b32d5d', description='null'}-ds127506.mlab.com:27506] org.mongodb.driver.cluster               : Adding discovered server ds127506-a.mlab.com:27506 to client view of cluster
2017-12-02 17:31:40.959  INFO 10772 --- [cluster-ClusterId{value='5a22e37c1121b12a14b32d5d', description='null'}-ds127506.mlab.com:27506] org.mongodb.driver.cluster               : Server ds127506.mlab.com:27506 is no longer a member of the replica set.  Removing from client view of cluster.
2017-12-02 17:31:40.962  INFO 10772 --- [cluster-ClusterId{value='5a22e37c1121b12a14b32d5d', description='null'}-ds127506.mlab.com:27506] org.mongodb.driver.cluster               : Canonical address ds127506-a.mlab.com:27506 does not match server address.  Removing ds127506.mlab.com:27506 from client view of cluster
2017-12-02 17:31:41.293  INFO 10772 --- [main] s.w.s.m.m.a.RequestMappingHandlerAdapter : Looking for @ControllerAdvice: org.springframework.boot.context.embedded.AnnotationConfigEmbeddedWebApplicationContext@516be40f: startup date [Sat Dec 02 17:31:37 GMT 2017]; root of context hierarchy
2017-12-02 17:31:41.305  INFO 10772 --- [cluster-ClusterId{value='5a22e37c1121b12a14b32d5d', description='null'}-ds127506-a.mlab.com:27506] org.mongodb.driver.connection            : Opened connection [connectionId{localValue:2, serverValue:18847}] to ds127506-a.mlab.com:27506
2017-12-02 17:31:41.333  INFO 10772 --- [cluster-ClusterId{value='5a22e37c1121b12a14b32d5d', description='null'}-ds127506-a.mlab.com:27506] org.mongodb.driver.cluster               : Monitor thread successfully connected to server with description ServerDescription{address=ds127506-a.mlab.com:27506, type=REPLICA_SET_PRIMARY, state=CONNECTED, ok=true, version=ServerVersion{versionList=[3, 4, 10]}, minWireVersion=0, maxWireVersion=5, maxDocumentSize=16777216, roundTripTimeNanos=27433420, setName='rs-ds127506', canonicalAddress=ds127506-a.mlab.com:27506, hosts=[ds127506-a.mlab.com:27506], passives=[], arbiters=[], primary='ds127506-a.mlab.com:27506', tagSet=TagSet{[]}, electionId=7fffffff0000000000000001, setVersion=1, lastWriteDate=Sat Dec 02 17:31:43 GMT 2017, lastUpdateTimeNanos=9313648443999980}
2017-12-02 17:31:41.333  INFO 10772 --- [cluster-ClusterId{value='5a22e37c1121b12a14b32d5d', description='null'}-ds127506-a.mlab.com:27506] org.mongodb.driver.cluster               : Setting max election id to 7fffffff0000000000000001 from replica set primary ds127506-a.mlab.com:27506
2017-12-02 17:31:41.333  INFO 10772 --- [cluster-ClusterId{value='5a22e37c1121b12a14b32d5d', description='null'}-ds127506-a.mlab.com:27506] org.mongodb.driver.cluster               : Setting max set version to 1 from replica set primary ds127506-a.mlab.com:27506
2017-12-02 17:31:41.333  INFO 10772 --- [cluster-ClusterId{value='5a22e37c1121b12a14b32d5d', description='null'}-ds127506-a.mlab.com:27506] org.mongodb.driver.cluster               : Discovered replica set primary ds127506-a.mlab.com:27506
2017-12-02 17:31:41.370  INFO 10772 --- [main] s.w.s.m.m.a.RequestMappingHandlerMapping : Mapped "{[/iconretriever],params=[itemId]}" onto public void com.dwd.controller.IconRetrieverController.get(int)
2017-12-02 17:31:41.372  INFO 10772 --- [main] s.w.s.m.m.a.RequestMappingHandlerMapping : Mapped "{[/iconretriever/all]}" onto public void com.dwd.controller.IconRetrieverController.get()
2017-12-02 17:31:41.373  INFO 10772 --- [main] s.w.s.m.m.a.RequestMappingHandlerMapping : Mapped "{[/items/all]}" onto public java.util.List<com.dwd.model.Item> com.dwd.controller.ItemController.getAll()
2017-12-02 17:31:41.375  INFO 10772 --- [main] s.w.s.m.m.a.RequestMappingHandlerMapping : Mapped "{[/itemretriever],params=[alpha]}" onto public java.util.Set<com.dwd.model.Item> com.dwd.controller.ItemRetrieverController.get(char)
2017-12-02 17:31:41.375  INFO 10772 --- [main] s.w.s.m.m.a.RequestMappingHandlerMapping : Mapped "{[/itemretriever],params=[alpha && page]}" onto public java.util.Set<com.dwd.model.Item> com.dwd.controller.ItemRetrieverController.get(java.lang.String,java.lang.String)
2017-12-02 17:31:41.376  INFO 10772 --- [main] s.w.s.m.m.a.RequestMappingHandlerMapping : Mapped "{[/itemretriever/all]}" onto public java.util.Set<com.dwd.model.Item> com.dwd.controller.ItemRetrieverController.getAll()
2017-12-02 17:31:41.378  INFO 10772 --- [main] s.w.s.m.m.a.RequestMappingHandlerMapping : Mapped "{[/error]}" onto public org.springframework.http.ResponseEntity<java.util.Map<java.lang.String, java.lang.Object>> org.springframework.boot.autoconfigure.web.BasicErrorController.error(javax.servlet.http.HttpServletRequest)
2017-12-02 17:31:41.379  INFO 10772 --- [main] s.w.s.m.m.a.RequestMappingHandlerMapping : Mapped "{[/error],produces=[text/html]}" onto public org.springframework.web.servlet.ModelAndView org.springframework.boot.autoconfigure.web.BasicErrorController.errorHtml(javax.servlet.http.HttpServletRequest,javax.servlet.http.HttpServletResponse)
2017-12-02 17:31:41.415  INFO 10772 --- [main] o.s.w.s.handler.SimpleUrlHandlerMapping  : Mapped URL path [/webjars/**] onto handler of type [class org.springframework.web.servlet.resource.ResourceHttpRequestHandler]
2017-12-02 17:31:41.415  INFO 10772 --- [main] o.s.w.s.handler.SimpleUrlHandlerMapping  : Mapped URL path [/**] onto handler of type [class org.springframework.web.servlet.resource.ResourceHttpRequestHandler]
2017-12-02 17:31:41.464  INFO 10772 --- [main] o.s.w.s.handler.SimpleUrlHandlerMapping  : Mapped URL path [/**/favicon.ico] onto handler of type [class org.springframework.web.servlet.resource.ResourceHttpRequestHandler]
2017-12-02 17:31:41.732  INFO 10772 --- [main] o.s.j.e.a.AnnotationMBeanExporter        : Registering beans for JMX exposure on startup
2017-12-02 17:31:41.920  INFO 10772 --- [main] s.b.c.e.t.TomcatEmbeddedServletContainer : Tomcat started on port(s): 8080 (http)
2017-12-02 17:31:41.928  INFO 10772 --- [main] com.dwd.OsrsGearToolApplication          : Started OsrsGearToolApplication in 4.788 seconds (JVM running for 5.277)
2017-12-02 17:31:48.464  INFO 10772 --- [http-nio-8080-exec-1] o.a.c.c.C.[Tomcat].[localhost].[/]       : Initializing Spring FrameworkServlet 'dispatcherServlet'
2017-12-02 17:31:48.465  INFO 10772 --- [http-nio-8080-exec-1] o.s.web.servlet.DispatcherServlet        : FrameworkServlet 'dispatcherServlet': initialization started
2017-12-02 17:31:48.483  INFO 10772 --- [http-nio-8080-exec-1] o.s.web.servlet.DispatcherServlet        : FrameworkServlet 'dispatcherServlet': initialization completed in 18 ms
2017-12-02 17:31:48.734  INFO 10772 --- [http-nio-8080-exec-1] org.mongodb.driver.connection            : Opened connection [connectionId{localValue:3, serverValue:18848}] to ds127506-a.mlab.com:27506
